[26-Sep-2024 16:13:04 UTC] PHP Fatal error:  Uncaught TypeError: DateTimeZone::__construct(): Argument #1 ($timezone) must be of type string, mysqli given in /home/u875728402/domains/guardianwealthhub.com/public_html/yt3/cron_live_matches.php:153
Stack trace:
#0 /home/u875728402/domains/guardianwealthhub.com/public_html/yt3/cron_live_matches.php(153): DateTimeZone->__construct()
#1 /home/u875728402/domains/guardianwealthhub.com/public_html/yt3/cron_live_matches.php(41): process_match()
#2 {main}
  thrown in /home/u875728402/domains/guardianwealthhub.com/public_html/yt3/cron_live_matches.php on line 153
[26-Sep-2024 16:14:05 UTC] PHP Fatal error:  Uncaught TypeError: DateTimeZone::__construct(): Argument #1 ($timezone) must be of type string, mysqli given in /home/u875728402/domains/guardianwealthhub.com/public_html/yt3/cron_live_matches.php:153
Stack trace:
#0 /home/u875728402/domains/guardianwealthhub.com/public_html/yt3/cron_live_matches.php(153): DateTimeZone->__construct()
#1 /home/u875728402/domains/guardianwealthhub.com/public_html/yt3/cron_live_matches.php(41): process_match()
#2 {main}
  thrown in /home/u875728402/domains/guardianwealthhub.com/public_html/yt3/cron_live_matches.php on line 153
[26-Sep-2024 16:15:07 UTC] PHP Fatal error:  Uncaught TypeError: DateTimeZone::__construct(): Argument #1 ($timezone) must be of type string, mysqli given in /home/u875728402/domains/guardianwealthhub.com/public_html/yt3/cron_live_matches.php:153
Stack trace:
#0 /home/u875728402/domains/guardianwealthhub.com/public_html/yt3/cron_live_matches.php(153): DateTimeZone->__construct()
#1 /home/u875728402/domains/guardianwealthhub.com/public_html/yt3/cron_live_matches.php(67): process_match()
#2 {main}
  thrown in /home/u875728402/domains/guardianwealthhub.com/public_html/yt3/cron_live_matches.php on line 153
[26-Sep-2024 16:16:06 UTC] PHP Fatal error:  Uncaught TypeError: DateTimeZone::__construct(): Argument #1 ($timezone) must be of type string, mysqli given in /home/u875728402/domains/guardianwealthhub.com/public_html/yt3/cron_live_matches.php:153
Stack trace:
#0 /home/u875728402/domains/guardianwealthhub.com/public_html/yt3/cron_live_matches.php(153): DateTimeZone->__construct()
#1 /home/u875728402/domains/guardianwealthhub.com/public_html/yt3/cron_live_matches.php(67): process_match()
#2 {main}
  thrown in /home/u875728402/domains/guardianwealthhub.com/public_html/yt3/cron_live_matches.php on line 153
[26-Sep-2024 16:17:05 UTC] PHP Fatal error:  Uncaught TypeError: DateTimeZone::__construct(): Argument #1 ($timezone) must be of type string, mysqli given in /home/u875728402/domains/guardianwealthhub.com/public_html/yt3/cron_live_matches.php:153
Stack trace:
#0 /home/u875728402/domains/guardianwealthhub.com/public_html/yt3/cron_live_matches.php(153): DateTimeZone->__construct()
#1 /home/u875728402/domains/guardianwealthhub.com/public_html/yt3/cron_live_matches.php(67): process_match()
#2 {main}
  thrown in /home/u875728402/domains/guardianwealthhub.com/public_html/yt3/cron_live_matches.php on line 153
[26-Sep-2024 16:18:07 UTC] PHP Fatal error:  Uncaught TypeError: DateTimeZone::__construct(): Argument #1 ($timezone) must be of type string, mysqli given in /home/u875728402/domains/guardianwealthhub.com/public_html/yt3/cron_live_matches.php:153
Stack trace:
#0 /home/u875728402/domains/guardianwealthhub.com/public_html/yt3/cron_live_matches.php(153): DateTimeZone->__construct()
#1 /home/u875728402/domains/guardianwealthhub.com/public_html/yt3/cron_live_matches.php(67): process_match()
#2 {main}
  thrown in /home/u875728402/domains/guardianwealthhub.com/public_html/yt3/cron_live_matches.php on line 153
[26-Sep-2024 16:19:05 UTC] PHP Fatal error:  Uncaught TypeError: DateTimeZone::__construct(): Argument #1 ($timezone) must be of type string, mysqli given in /home/u875728402/domains/guardianwealthhub.com/public_html/yt3/cron_live_matches.php:153
Stack trace:
#0 /home/u875728402/domains/guardianwealthhub.com/public_html/yt3/cron_live_matches.php(153): DateTimeZone->__construct()
#1 /home/u875728402/domains/guardianwealthhub.com/public_html/yt3/cron_live_matches.php(67): process_match()
#2 {main}
  thrown in /home/u875728402/domains/guardianwealthhub.com/public_html/yt3/cron_live_matches.php on line 153
[26-Sep-2024 16:20:06 UTC] PHP Fatal error:  Uncaught TypeError: DateTimeZone::__construct(): Argument #1 ($timezone) must be of type string, mysqli given in /home/u875728402/domains/guardianwealthhub.com/public_html/yt3/cron_live_matches.php:153
Stack trace:
#0 /home/u875728402/domains/guardianwealthhub.com/public_html/yt3/cron_live_matches.php(153): DateTimeZone->__construct()
#1 /home/u875728402/domains/guardianwealthhub.com/public_html/yt3/cron_live_matches.php(67): process_match()
#2 {main}
  thrown in /home/u875728402/domains/guardianwealthhub.com/public_html/yt3/cron_live_matches.php on line 153
[26-Sep-2024 16:21:05 UTC] PHP Fatal error:  Uncaught TypeError: DateTimeZone::__construct(): Argument #1 ($timezone) must be of type string, mysqli given in /home/u875728402/domains/guardianwealthhub.com/public_html/yt3/cron_live_matches.php:153
Stack trace:
#0 /home/u875728402/domains/guardianwealthhub.com/public_html/yt3/cron_live_matches.php(153): DateTimeZone->__construct()
#1 /home/u875728402/domains/guardianwealthhub.com/public_html/yt3/cron_live_matches.php(67): process_match()
#2 {main}
  thrown in /home/u875728402/domains/guardianwealthhub.com/public_html/yt3/cron_live_matches.php on line 153
[26-Sep-2024 16:22:06 UTC] PHP Fatal error:  Uncaught TypeError: DateTimeZone::__construct(): Argument #1 ($timezone) must be of type string, mysqli given in /home/u875728402/domains/guardianwealthhub.com/public_html/yt3/cron_live_matches.php:153
Stack trace:
#0 /home/u875728402/domains/guardianwealthhub.com/public_html/yt3/cron_live_matches.php(153): DateTimeZone->__construct()
#1 /home/u875728402/domains/guardianwealthhub.com/public_html/yt3/cron_live_matches.php(67): process_match()
#2 {main}
  thrown in /home/u875728402/domains/guardianwealthhub.com/public_html/yt3/cron_live_matches.php on line 153
[26-Sep-2024 16:23:04 UTC] PHP Fatal error:  Uncaught TypeError: DateTimeZone::__construct(): Argument #1 ($timezone) must be of type string, mysqli given in /home/u875728402/domains/guardianwealthhub.com/public_html/yt3/cron_live_matches.php:153
Stack trace:
#0 /home/u875728402/domains/guardianwealthhub.com/public_html/yt3/cron_live_matches.php(153): DateTimeZone->__construct()
#1 /home/u875728402/domains/guardianwealthhub.com/public_html/yt3/cron_live_matches.php(67): process_match()
#2 {main}
  thrown in /home/u875728402/domains/guardianwealthhub.com/public_html/yt3/cron_live_matches.php on line 153
[26-Sep-2024 16:24:07 UTC] PHP Fatal error:  Uncaught TypeError: DateTimeZone::__construct(): Argument #1 ($timezone) must be of type string, mysqli given in /home/u875728402/domains/guardianwealthhub.com/public_html/yt3/cron_live_matches.php:153
Stack trace:
#0 /home/u875728402/domains/guardianwealthhub.com/public_html/yt3/cron_live_matches.php(153): DateTimeZone->__construct()
#1 /home/u875728402/domains/guardianwealthhub.com/public_html/yt3/cron_live_matches.php(67): process_match()
#2 {main}
  thrown in /home/u875728402/domains/guardianwealthhub.com/public_html/yt3/cron_live_matches.php on line 153
[26-Sep-2024 16:25:06 UTC] PHP Fatal error:  Uncaught TypeError: DateTimeZone::__construct(): Argument #1 ($timezone) must be of type string, mysqli given in /home/u875728402/domains/guardianwealthhub.com/public_html/yt3/cron_live_matches.php:153
Stack trace:
#0 /home/u875728402/domains/guardianwealthhub.com/public_html/yt3/cron_live_matches.php(153): DateTimeZone->__construct()
#1 /home/u875728402/domains/guardianwealthhub.com/public_html/yt3/cron_live_matches.php(67): process_match()
#2 {main}
  thrown in /home/u875728402/domains/guardianwealthhub.com/public_html/yt3/cron_live_matches.php on line 153
[26-Sep-2024 16:26:04 UTC] PHP Fatal error:  Uncaught TypeError: DateTimeZone::__construct(): Argument #1 ($timezone) must be of type string, mysqli given in /home/u875728402/domains/guardianwealthhub.com/public_html/yt3/cron_live_matches.php:153
Stack trace:
#0 /home/u875728402/domains/guardianwealthhub.com/public_html/yt3/cron_live_matches.php(153): DateTimeZone->__construct()
#1 /home/u875728402/domains/guardianwealthhub.com/public_html/yt3/cron_live_matches.php(67): process_match()
#2 {main}
  thrown in /home/u875728402/domains/guardianwealthhub.com/public_html/yt3/cron_live_matches.php on line 153
[26-Sep-2024 16:27:05 UTC] PHP Fatal error:  Uncaught TypeError: DateTimeZone::__construct(): Argument #1 ($timezone) must be of type string, mysqli given in /home/u875728402/domains/guardianwealthhub.com/public_html/yt3/cron_live_matches.php:153
Stack trace:
#0 /home/u875728402/domains/guardianwealthhub.com/public_html/yt3/cron_live_matches.php(153): DateTimeZone->__construct()
#1 /home/u875728402/domains/guardianwealthhub.com/public_html/yt3/cron_live_matches.php(67): process_match()
#2 {main}
  thrown in /home/u875728402/domains/guardianwealthhub.com/public_html/yt3/cron_live_matches.php on line 153
[26-Sep-2024 16:28:05 UTC] PHP Fatal error:  Uncaught TypeError: DateTimeZone::__construct(): Argument #1 ($timezone) must be of type string, mysqli given in /home/u875728402/domains/guardianwealthhub.com/public_html/yt3/cron_live_matches.php:153
Stack trace:
#0 /home/u875728402/domains/guardianwealthhub.com/public_html/yt3/cron_live_matches.php(153): DateTimeZone->__construct()
#1 /home/u875728402/domains/guardianwealthhub.com/public_html/yt3/cron_live_matches.php(67): process_match()
#2 {main}
  thrown in /home/u875728402/domains/guardianwealthhub.com/public_html/yt3/cron_live_matches.php on line 153
[26-Sep-2024 16:29:05 UTC] PHP Fatal error:  Uncaught TypeError: DateTimeZone::__construct(): Argument #1 ($timezone) must be of type string, mysqli given in /home/u875728402/domains/guardianwealthhub.com/public_html/yt3/cron_live_matches.php:153
Stack trace:
#0 /home/u875728402/domains/guardianwealthhub.com/public_html/yt3/cron_live_matches.php(153): DateTimeZone->__construct()
#1 /home/u875728402/domains/guardianwealthhub.com/public_html/yt3/cron_live_matches.php(67): process_match()
#2 {main}
  thrown in /home/u875728402/domains/guardianwealthhub.com/public_html/yt3/cron_live_matches.php on line 153
[26-Sep-2024 16:30:09 UTC] PHP Fatal error:  Uncaught TypeError: DateTimeZone::__construct(): Argument #1 ($timezone) must be of type string, mysqli given in /home/u875728402/domains/guardianwealthhub.com/public_html/yt3/cron_live_matches.php:153
Stack trace:
#0 /home/u875728402/domains/guardianwealthhub.com/public_html/yt3/cron_live_matches.php(153): DateTimeZone->__construct()
#1 /home/u875728402/domains/guardianwealthhub.com/public_html/yt3/cron_live_matches.php(67): process_match()
#2 {main}
  thrown in /home/u875728402/domains/guardianwealthhub.com/public_html/yt3/cron_live_matches.php on line 153
[26-Sep-2024 16:31:03 UTC] PHP Deprecated:  strpos(): Passing null to parameter #1 ($haystack) of type string is deprecated in /home/u875728402/domains/guardianwealthhub.com/public_html/yt3/cron_live_matches.php on line 138
[26-Sep-2024 16:31:03 UTC] PHP Fatal error:  Uncaught Error: Call to undefined function format_match_time() in /home/u875728402/domains/guardianwealthhub.com/public_html/yt3/cron_live_matches.php:148
Stack trace:
#0 /home/u875728402/domains/guardianwealthhub.com/public_html/yt3/cron_live_matches.php(41): process_match()
#1 {main}
  thrown in /home/u875728402/domains/guardianwealthhub.com/public_html/yt3/cron_live_matches.php on line 148
[26-Sep-2024 16:32:04 UTC] PHP Deprecated:  strpos(): Passing null to parameter #1 ($haystack) of type string is deprecated in /home/u875728402/domains/guardianwealthhub.com/public_html/yt3/cron_live_matches.php on line 138
[26-Sep-2024 16:32:04 UTC] PHP Fatal error:  Uncaught Error: Call to undefined function format_match_time() in /home/u875728402/domains/guardianwealthhub.com/public_html/yt3/cron_live_matches.php:148
Stack trace:
#0 /home/u875728402/domains/guardianwealthhub.com/public_html/yt3/cron_live_matches.php(41): process_match()
#1 {main}
  thrown in /home/u875728402/domains/guardianwealthhub.com/public_html/yt3/cron_live_matches.php on line 148
[26-Sep-2024 16:33:04 UTC] PHP Deprecated:  strpos(): Passing null to parameter #1 ($haystack) of type string is deprecated in /home/u875728402/domains/guardianwealthhub.com/public_html/yt3/cron_live_matches.php on line 138
[26-Sep-2024 16:33:04 UTC] PHP Fatal error:  Uncaught Error: Call to undefined function format_match_time() in /home/u875728402/domains/guardianwealthhub.com/public_html/yt3/cron_live_matches.php:148
Stack trace:
#0 /home/u875728402/domains/guardianwealthhub.com/public_html/yt3/cron_live_matches.php(41): process_match()
#1 {main}
  thrown in /home/u875728402/domains/guardianwealthhub.com/public_html/yt3/cron_live_matches.php on line 148
[26-Sep-2024 16:34:04 UTC] PHP Deprecated:  strpos(): Passing null to parameter #1 ($haystack) of type string is deprecated in /home/u875728402/domains/guardianwealthhub.com/public_html/yt3/cron_live_matches.php on line 138
[26-Sep-2024 16:34:04 UTC] PHP Fatal error:  Uncaught Error: Call to undefined function format_match_time() in /home/u875728402/domains/guardianwealthhub.com/public_html/yt3/cron_live_matches.php:148
Stack trace:
#0 /home/u875728402/domains/guardianwealthhub.com/public_html/yt3/cron_live_matches.php(41): process_match()
#1 {main}
  thrown in /home/u875728402/domains/guardianwealthhub.com/public_html/yt3/cron_live_matches.php on line 148
[26-Sep-2024 16:35:05 UTC] PHP Deprecated:  strpos(): Passing null to parameter #1 ($haystack) of type string is deprecated in /home/u875728402/domains/guardianwealthhub.com/public_html/yt3/cron_live_matches.php on line 138
[26-Sep-2024 16:35:05 UTC] PHP Fatal error:  Uncaught Error: Call to undefined function format_match_time() in /home/u875728402/domains/guardianwealthhub.com/public_html/yt3/cron_live_matches.php:148
Stack trace:
#0 /home/u875728402/domains/guardianwealthhub.com/public_html/yt3/cron_live_matches.php(41): process_match()
#1 {main}
  thrown in /home/u875728402/domains/guardianwealthhub.com/public_html/yt3/cron_live_matches.php on line 148
[26-Sep-2024 16:36:04 UTC] PHP Deprecated:  strpos(): Passing null to parameter #1 ($haystack) of type string is deprecated in /home/u875728402/domains/guardianwealthhub.com/public_html/yt3/cron_live_matches.php on line 138
[26-Sep-2024 16:36:04 UTC] PHP Fatal error:  Uncaught Error: Call to undefined function format_match_time() in /home/u875728402/domains/guardianwealthhub.com/public_html/yt3/cron_live_matches.php:148
Stack trace:
#0 /home/u875728402/domains/guardianwealthhub.com/public_html/yt3/cron_live_matches.php(41): process_match()
#1 {main}
  thrown in /home/u875728402/domains/guardianwealthhub.com/public_html/yt3/cron_live_matches.php on line 148
[26-Sep-2024 16:37:03 UTC] PHP Deprecated:  strpos(): Passing null to parameter #1 ($haystack) of type string is deprecated in /home/u875728402/domains/guardianwealthhub.com/public_html/yt3/cron_live_matches.php on line 138
[26-Sep-2024 16:37:03 UTC] PHP Fatal error:  Uncaught Error: Call to undefined function format_match_time() in /home/u875728402/domains/guardianwealthhub.com/public_html/yt3/cron_live_matches.php:148
Stack trace:
#0 /home/u875728402/domains/guardianwealthhub.com/public_html/yt3/cron_live_matches.php(41): process_match()
#1 {main}
  thrown in /home/u875728402/domains/guardianwealthhub.com/public_html/yt3/cron_live_matches.php on line 148
[26-Sep-2024 16:38:03 UTC] PHP Deprecated:  strpos(): Passing null to parameter #1 ($haystack) of type string is deprecated in /home/u875728402/domains/guardianwealthhub.com/public_html/yt3/cron_live_matches.php on line 138
[26-Sep-2024 16:38:03 UTC] PHP Fatal error:  Uncaught Error: Call to undefined function format_match_time() in /home/u875728402/domains/guardianwealthhub.com/public_html/yt3/cron_live_matches.php:148
Stack trace:
#0 /home/u875728402/domains/guardianwealthhub.com/public_html/yt3/cron_live_matches.php(41): process_match()
#1 {main}
  thrown in /home/u875728402/domains/guardianwealthhub.com/public_html/yt3/cron_live_matches.php on line 148
[26-Sep-2024 16:39:03 UTC] PHP Deprecated:  strpos(): Passing null to parameter #1 ($haystack) of type string is deprecated in /home/u875728402/domains/guardianwealthhub.com/public_html/yt3/cron_live_matches.php on line 138
[26-Sep-2024 16:39:03 UTC] PHP Fatal error:  Uncaught Error: Call to undefined function format_match_time() in /home/u875728402/domains/guardianwealthhub.com/public_html/yt3/cron_live_matches.php:148
Stack trace:
#0 /home/u875728402/domains/guardianwealthhub.com/public_html/yt3/cron_live_matches.php(41): process_match()
#1 {main}
  thrown in /home/u875728402/domains/guardianwealthhub.com/public_html/yt3/cron_live_matches.php on line 148
[26-Sep-2024 16:40:04 UTC] PHP Deprecated:  strpos(): Passing null to parameter #1 ($haystack) of type string is deprecated in /home/u875728402/domains/guardianwealthhub.com/public_html/yt3/cron_live_matches.php on line 138
[26-Sep-2024 16:40:04 UTC] PHP Fatal error:  Uncaught Error: Call to undefined function format_match_time() in /home/u875728402/domains/guardianwealthhub.com/public_html/yt3/cron_live_matches.php:148
Stack trace:
#0 /home/u875728402/domains/guardianwealthhub.com/public_html/yt3/cron_live_matches.php(41): process_match()
#1 {main}
  thrown in /home/u875728402/domains/guardianwealthhub.com/public_html/yt3/cron_live_matches.php on line 148
[26-Sep-2024 16:41:03 UTC] PHP Deprecated:  strpos(): Passing null to parameter #1 ($haystack) of type string is deprecated in /home/u875728402/domains/guardianwealthhub.com/public_html/yt3/cron_live_matches.php on line 138
[26-Sep-2024 16:41:03 UTC] PHP Fatal error:  Uncaught Error: Call to undefined function format_match_time() in /home/u875728402/domains/guardianwealthhub.com/public_html/yt3/cron_live_matches.php:148
Stack trace:
#0 /home/u875728402/domains/guardianwealthhub.com/public_html/yt3/cron_live_matches.php(41): process_match()
#1 {main}
  thrown in /home/u875728402/domains/guardianwealthhub.com/public_html/yt3/cron_live_matches.php on line 148
[26-Sep-2024 16:42:04 UTC] PHP Deprecated:  strpos(): Passing null to parameter #1 ($haystack) of type string is deprecated in /home/u875728402/domains/guardianwealthhub.com/public_html/yt3/cron_live_matches.php on line 138
[26-Sep-2024 16:42:04 UTC] PHP Fatal error:  Uncaught Error: Call to undefined function format_match_time() in /home/u875728402/domains/guardianwealthhub.com/public_html/yt3/cron_live_matches.php:148
Stack trace:
#0 /home/u875728402/domains/guardianwealthhub.com/public_html/yt3/cron_live_matches.php(41): process_match()
#1 {main}
  thrown in /home/u875728402/domains/guardianwealthhub.com/public_html/yt3/cron_live_matches.php on line 148
[26-Sep-2024 16:43:04 UTC] PHP Deprecated:  strpos(): Passing null to parameter #1 ($haystack) of type string is deprecated in /home/u875728402/domains/guardianwealthhub.com/public_html/yt3/cron_live_matches.php on line 138
[26-Sep-2024 16:43:04 UTC] PHP Fatal error:  Uncaught Error: Call to undefined function format_match_time() in /home/u875728402/domains/guardianwealthhub.com/public_html/yt3/cron_live_matches.php:148
Stack trace:
#0 /home/u875728402/domains/guardianwealthhub.com/public_html/yt3/cron_live_matches.php(41): process_match()
#1 {main}
  thrown in /home/u875728402/domains/guardianwealthhub.com/public_html/yt3/cron_live_matches.php on line 148
[26-Sep-2024 16:44:04 UTC] PHP Deprecated:  strpos(): Passing null to parameter #1 ($haystack) of type string is deprecated in /home/u875728402/domains/guardianwealthhub.com/public_html/yt3/cron_live_matches.php on line 138
[26-Sep-2024 16:44:04 UTC] PHP Fatal error:  Uncaught TypeError: DateTimeZone::__construct(): Argument #1 ($timezone) must be of type string, mysqli given in /home/u875728402/domains/guardianwealthhub.com/public_html/yt3/cron_live_matches.php:153
Stack trace:
#0 /home/u875728402/domains/guardianwealthhub.com/public_html/yt3/cron_live_matches.php(153): DateTimeZone->__construct()
#1 /home/u875728402/domains/guardianwealthhub.com/public_html/yt3/cron_live_matches.php(41): process_match()
#2 {main}
  thrown in /home/u875728402/domains/guardianwealthhub.com/public_html/yt3/cron_live_matches.php on line 153
[26-Sep-2024 16:45:04 UTC] PHP Deprecated:  strpos(): Passing null to parameter #1 ($haystack) of type string is deprecated in /home/u875728402/domains/guardianwealthhub.com/public_html/yt3/cron_live_matches.php on line 138
[26-Sep-2024 16:45:04 UTC] PHP Fatal error:  Uncaught TypeError: DateTimeZone::__construct(): Argument #1 ($timezone) must be of type string, mysqli given in /home/u875728402/domains/guardianwealthhub.com/public_html/yt3/cron_live_matches.php:153
Stack trace:
#0 /home/u875728402/domains/guardianwealthhub.com/public_html/yt3/cron_live_matches.php(153): DateTimeZone->__construct()
#1 /home/u875728402/domains/guardianwealthhub.com/public_html/yt3/cron_live_matches.php(41): process_match()
#2 {main}
  thrown in /home/u875728402/domains/guardianwealthhub.com/public_html/yt3/cron_live_matches.php on line 153
[26-Sep-2024 16:46:04 UTC] PHP Deprecated:  strpos(): Passing null to parameter #1 ($haystack) of type string is deprecated in /home/u875728402/domains/guardianwealthhub.com/public_html/yt3/cron_live_matches.php on line 138
[26-Sep-2024 16:46:04 UTC] PHP Fatal error:  Uncaught Error: Call to undefined function format_match_time() in /home/u875728402/domains/guardianwealthhub.com/public_html/yt3/cron_live_matches.php:148
Stack trace:
#0 /home/u875728402/domains/guardianwealthhub.com/public_html/yt3/cron_live_matches.php(41): process_match()
#1 {main}
  thrown in /home/u875728402/domains/guardianwealthhub.com/public_html/yt3/cron_live_matches.php on line 148
[26-Sep-2024 16:47:04 UTC] PHP Deprecated:  strpos(): Passing null to parameter #1 ($haystack) of type string is deprecated in /home/u875728402/domains/guardianwealthhub.com/public_html/yt3/cron_live_matches.php on line 138
[26-Sep-2024 16:47:04 UTC] PHP Fatal error:  Uncaught Error: Call to undefined function format_match_time() in /home/u875728402/domains/guardianwealthhub.com/public_html/yt3/cron_live_matches.php:148
Stack trace:
#0 /home/u875728402/domains/guardianwealthhub.com/public_html/yt3/cron_live_matches.php(41): process_match()
#1 {main}
  thrown in /home/u875728402/domains/guardianwealthhub.com/public_html/yt3/cron_live_matches.php on line 148
[26-Sep-2024 16:48:04 UTC] PHP Deprecated:  strpos(): Passing null to parameter #1 ($haystack) of type string is deprecated in /home/u875728402/domains/guardianwealthhub.com/public_html/yt3/cron_live_matches.php on line 138
[26-Sep-2024 16:48:04 UTC] PHP Fatal error:  Uncaught Error: Call to undefined function format_match_time() in /home/u875728402/domains/guardianwealthhub.com/public_html/yt3/cron_live_matches.php:148
Stack trace:
#0 /home/u875728402/domains/guardianwealthhub.com/public_html/yt3/cron_live_matches.php(41): process_match()
#1 {main}
  thrown in /home/u875728402/domains/guardianwealthhub.com/public_html/yt3/cron_live_matches.php on line 148
[26-Sep-2024 16:49:03 UTC] PHP Deprecated:  strpos(): Passing null to parameter #1 ($haystack) of type string is deprecated in /home/u875728402/domains/guardianwealthhub.com/public_html/yt3/cron_live_matches.php on line 138
[26-Sep-2024 16:49:03 UTC] PHP Fatal error:  Uncaught Error: Call to undefined function format_match_time() in /home/u875728402/domains/guardianwealthhub.com/public_html/yt3/cron_live_matches.php:148
Stack trace:
#0 /home/u875728402/domains/guardianwealthhub.com/public_html/yt3/cron_live_matches.php(41): process_match()
#1 {main}
  thrown in /home/u875728402/domains/guardianwealthhub.com/public_html/yt3/cron_live_matches.php on line 148
[26-Sep-2024 16:50:05 UTC] PHP Deprecated:  strpos(): Passing null to parameter #1 ($haystack) of type string is deprecated in /home/u875728402/domains/guardianwealthhub.com/public_html/yt3/cron_live_matches.php on line 138
[26-Sep-2024 16:50:05 UTC] PHP Fatal error:  Uncaught Error: Call to undefined function format_match_time() in /home/u875728402/domains/guardianwealthhub.com/public_html/yt3/cron_live_matches.php:148
Stack trace:
#0 /home/u875728402/domains/guardianwealthhub.com/public_html/yt3/cron_live_matches.php(41): process_match()
#1 {main}
  thrown in /home/u875728402/domains/guardianwealthhub.com/public_html/yt3/cron_live_matches.php on line 148
[26-Sep-2024 16:51:03 UTC] PHP Deprecated:  strpos(): Passing null to parameter #1 ($haystack) of type string is deprecated in /home/u875728402/domains/guardianwealthhub.com/public_html/yt3/cron_live_matches.php on line 138
[26-Sep-2024 16:51:03 UTC] PHP Fatal error:  Uncaught Error: Call to undefined function format_match_time() in /home/u875728402/domains/guardianwealthhub.com/public_html/yt3/cron_live_matches.php:148
Stack trace:
#0 /home/u875728402/domains/guardianwealthhub.com/public_html/yt3/cron_live_matches.php(41): process_match()
#1 {main}
  thrown in /home/u875728402/domains/guardianwealthhub.com/public_html/yt3/cron_live_matches.php on line 148
[26-Sep-2024 16:52:04 UTC] PHP Deprecated:  strpos(): Passing null to parameter #1 ($haystack) of type string is deprecated in /home/u875728402/domains/guardianwealthhub.com/public_html/yt3/cron_live_matches.php on line 138
[26-Sep-2024 16:52:04 UTC] PHP Fatal error:  Uncaught Error: Call to undefined function format_match_time() in /home/u875728402/domains/guardianwealthhub.com/public_html/yt3/cron_live_matches.php:148
Stack trace:
#0 /home/u875728402/domains/guardianwealthhub.com/public_html/yt3/cron_live_matches.php(41): process_match()
#1 {main}
  thrown in /home/u875728402/domains/guardianwealthhub.com/public_html/yt3/cron_live_matches.php on line 148
[26-Sep-2024 16:53:04 UTC] PHP Deprecated:  strpos(): Passing null to parameter #1 ($haystack) of type string is deprecated in /home/u875728402/domains/guardianwealthhub.com/public_html/yt3/cron_live_matches.php on line 138
[26-Sep-2024 16:53:04 UTC] PHP Fatal error:  Uncaught Error: Call to undefined function format_match_time() in /home/u875728402/domains/guardianwealthhub.com/public_html/yt3/cron_live_matches.php:148
Stack trace:
#0 /home/u875728402/domains/guardianwealthhub.com/public_html/yt3/cron_live_matches.php(41): process_match()
#1 {main}
  thrown in /home/u875728402/domains/guardianwealthhub.com/public_html/yt3/cron_live_matches.php on line 148
[26-Sep-2024 16:54:03 UTC] PHP Deprecated:  strpos(): Passing null to parameter #1 ($haystack) of type string is deprecated in /home/u875728402/domains/guardianwealthhub.com/public_html/yt3/cron_live_matches.php on line 138
[26-Sep-2024 16:54:03 UTC] PHP Fatal error:  Uncaught Error: Call to undefined function format_match_time() in /home/u875728402/domains/guardianwealthhub.com/public_html/yt3/cron_live_matches.php:148
Stack trace:
#0 /home/u875728402/domains/guardianwealthhub.com/public_html/yt3/cron_live_matches.php(41): process_match()
#1 {main}
  thrown in /home/u875728402/domains/guardianwealthhub.com/public_html/yt3/cron_live_matches.php on line 148
[26-Sep-2024 16:55:06 UTC] PHP Deprecated:  strpos(): Passing null to parameter #1 ($haystack) of type string is deprecated in /home/u875728402/domains/guardianwealthhub.com/public_html/yt3/cron_live_matches.php on line 138
[26-Sep-2024 16:55:06 UTC] PHP Fatal error:  Uncaught Error: Call to undefined function format_match_time() in /home/u875728402/domains/guardianwealthhub.com/public_html/yt3/cron_live_matches.php:148
Stack trace:
#0 /home/u875728402/domains/guardianwealthhub.com/public_html/yt3/cron_live_matches.php(41): process_match()
#1 {main}
  thrown in /home/u875728402/domains/guardianwealthhub.com/public_html/yt3/cron_live_matches.php on line 148
[26-Sep-2024 16:56:05 UTC] PHP Deprecated:  strpos(): Passing null to parameter #1 ($haystack) of type string is deprecated in /home/u875728402/domains/guardianwealthhub.com/public_html/yt3/cron_live_matches.php on line 138
[26-Sep-2024 16:56:05 UTC] PHP Fatal error:  Uncaught Error: Call to undefined function format_match_time() in /home/u875728402/domains/guardianwealthhub.com/public_html/yt3/cron_live_matches.php:148
Stack trace:
#0 /home/u875728402/domains/guardianwealthhub.com/public_html/yt3/cron_live_matches.php(41): process_match()
#1 {main}
  thrown in /home/u875728402/domains/guardianwealthhub.com/public_html/yt3/cron_live_matches.php on line 148
[26-Sep-2024 16:57:03 UTC] PHP Deprecated:  strpos(): Passing null to parameter #1 ($haystack) of type string is deprecated in /home/u875728402/domains/guardianwealthhub.com/public_html/yt3/cron_live_matches.php on line 138
[26-Sep-2024 16:57:03 UTC] PHP Fatal error:  Uncaught Error: Call to undefined function format_match_time() in /home/u875728402/domains/guardianwealthhub.com/public_html/yt3/cron_live_matches.php:148
Stack trace:
#0 /home/u875728402/domains/guardianwealthhub.com/public_html/yt3/cron_live_matches.php(41): process_match()
#1 {main}
  thrown in /home/u875728402/domains/guardianwealthhub.com/public_html/yt3/cron_live_matches.php on line 148
[26-Sep-2024 16:58:03 UTC] PHP Deprecated:  strpos(): Passing null to parameter #1 ($haystack) of type string is deprecated in /home/u875728402/domains/guardianwealthhub.com/public_html/yt3/cron_live_matches.php on line 138
[26-Sep-2024 16:58:03 UTC] PHP Fatal error:  Uncaught Error: Call to undefined function format_match_time() in /home/u875728402/domains/guardianwealthhub.com/public_html/yt3/cron_live_matches.php:148
Stack trace:
#0 /home/u875728402/domains/guardianwealthhub.com/public_html/yt3/cron_live_matches.php(41): process_match()
#1 {main}
  thrown in /home/u875728402/domains/guardianwealthhub.com/public_html/yt3/cron_live_matches.php on line 148
[26-Sep-2024 16:59:03 UTC] PHP Deprecated:  strpos(): Passing null to parameter #1 ($haystack) of type string is deprecated in /home/u875728402/domains/guardianwealthhub.com/public_html/yt3/cron_live_matches.php on line 138
[26-Sep-2024 16:59:03 UTC] PHP Fatal error:  Uncaught TypeError: DateTimeZone::__construct(): Argument #1 ($timezone) must be of type string, mysqli given in /home/u875728402/domains/guardianwealthhub.com/public_html/yt3/cron_live_matches.php:153
Stack trace:
#0 /home/u875728402/domains/guardianwealthhub.com/public_html/yt3/cron_live_matches.php(153): DateTimeZone->__construct()
#1 /home/u875728402/domains/guardianwealthhub.com/public_html/yt3/cron_live_matches.php(41): process_match()
#2 {main}
  thrown in /home/u875728402/domains/guardianwealthhub.com/public_html/yt3/cron_live_matches.php on line 153
[26-Sep-2024 17:00:07 UTC] PHP Deprecated:  strpos(): Passing null to parameter #1 ($haystack) of type string is deprecated in /home/u875728402/domains/guardianwealthhub.com/public_html/yt3/cron_live_matches.php on line 138
[26-Sep-2024 17:00:07 UTC] PHP Fatal error:  Uncaught Error: Call to undefined function format_match_time() in /home/u875728402/domains/guardianwealthhub.com/public_html/yt3/cron_live_matches.php:148
Stack trace:
#0 /home/u875728402/domains/guardianwealthhub.com/public_html/yt3/cron_live_matches.php(41): process_match()
#1 {main}
  thrown in /home/u875728402/domains/guardianwealthhub.com/public_html/yt3/cron_live_matches.php on line 148
[26-Sep-2024 17:01:05 UTC] PHP Deprecated:  strpos(): Passing null to parameter #1 ($haystack) of type string is deprecated in /home/u875728402/domains/guardianwealthhub.com/public_html/yt3/cron_live_matches.php on line 138
[26-Sep-2024 17:01:05 UTC] PHP Fatal error:  Uncaught Error: Call to undefined function format_match_time() in /home/u875728402/domains/guardianwealthhub.com/public_html/yt3/cron_live_matches.php:148
Stack trace:
#0 /home/u875728402/domains/guardianwealthhub.com/public_html/yt3/cron_live_matches.php(41): process_match()
#1 {main}
  thrown in /home/u875728402/domains/guardianwealthhub.com/public_html/yt3/cron_live_matches.php on line 148
[26-Sep-2024 17:02:05 UTC] PHP Deprecated:  strpos(): Passing null to parameter #1 ($haystack) of type string is deprecated in /home/u875728402/domains/guardianwealthhub.com/public_html/yt3/cron_live_matches.php on line 138
[26-Sep-2024 17:02:05 UTC] PHP Fatal error:  Uncaught Error: Call to undefined function format_match_time() in /home/u875728402/domains/guardianwealthhub.com/public_html/yt3/cron_live_matches.php:148
Stack trace:
#0 /home/u875728402/domains/guardianwealthhub.com/public_html/yt3/cron_live_matches.php(41): process_match()
#1 {main}
  thrown in /home/u875728402/domains/guardianwealthhub.com/public_html/yt3/cron_live_matches.php on line 148
[26-Sep-2024 17:03:05 UTC] PHP Deprecated:  strpos(): Passing null to parameter #1 ($haystack) of type string is deprecated in /home/u875728402/domains/guardianwealthhub.com/public_html/yt3/cron_live_matches.php on line 138
[26-Sep-2024 17:03:05 UTC] PHP Fatal error:  Uncaught Error: Call to undefined function format_match_time() in /home/u875728402/domains/guardianwealthhub.com/public_html/yt3/cron_live_matches.php:148
Stack trace:
#0 /home/u875728402/domains/guardianwealthhub.com/public_html/yt3/cron_live_matches.php(41): process_match()
#1 {main}
  thrown in /home/u875728402/domains/guardianwealthhub.com/public_html/yt3/cron_live_matches.php on line 148
[26-Sep-2024 17:04:04 UTC] PHP Deprecated:  strpos(): Passing null to parameter #1 ($haystack) of type string is deprecated in /home/u875728402/domains/guardianwealthhub.com/public_html/yt3/cron_live_matches.php on line 138
[26-Sep-2024 17:04:04 UTC] PHP Fatal error:  Uncaught Error: Call to undefined function format_match_time() in /home/u875728402/domains/guardianwealthhub.com/public_html/yt3/cron_live_matches.php:148
Stack trace:
#0 /home/u875728402/domains/guardianwealthhub.com/public_html/yt3/cron_live_matches.php(41): process_match()
#1 {main}
  thrown in /home/u875728402/domains/guardianwealthhub.com/public_html/yt3/cron_live_matches.php on line 148
[26-Sep-2024 17:05:06 UTC] PHP Deprecated:  strpos(): Passing null to parameter #1 ($haystack) of type string is deprecated in /home/u875728402/domains/guardianwealthhub.com/public_html/yt3/cron_live_matches.php on line 138
[26-Sep-2024 17:05:06 UTC] PHP Fatal error:  Uncaught Error: Call to undefined function format_match_time() in /home/u875728402/domains/guardianwealthhub.com/public_html/yt3/cron_live_matches.php:148
Stack trace:
#0 /home/u875728402/domains/guardianwealthhub.com/public_html/yt3/cron_live_matches.php(41): process_match()
#1 {main}
  thrown in /home/u875728402/domains/guardianwealthhub.com/public_html/yt3/cron_live_matches.php on line 148
[26-Sep-2024 17:06:04 UTC] PHP Deprecated:  strpos(): Passing null to parameter #1 ($haystack) of type string is deprecated in /home/u875728402/domains/guardianwealthhub.com/public_html/yt3/cron_live_matches.php on line 138
[26-Sep-2024 17:06:04 UTC] PHP Fatal error:  Uncaught Error: Call to undefined function format_match_time() in /home/u875728402/domains/guardianwealthhub.com/public_html/yt3/cron_live_matches.php:148
Stack trace:
#0 /home/u875728402/domains/guardianwealthhub.com/public_html/yt3/cron_live_matches.php(41): process_match()
#1 {main}
  thrown in /home/u875728402/domains/guardianwealthhub.com/public_html/yt3/cron_live_matches.php on line 148
[26-Sep-2024 17:07:06 UTC] PHP Deprecated:  strpos(): Passing null to parameter #1 ($haystack) of type string is deprecated in /home/u875728402/domains/guardianwealthhub.com/public_html/yt3/cron_live_matches.php on line 138
[26-Sep-2024 17:07:06 UTC] PHP Fatal error:  Uncaught Error: Call to undefined function format_match_time() in /home/u875728402/domains/guardianwealthhub.com/public_html/yt3/cron_live_matches.php:148
Stack trace:
#0 /home/u875728402/domains/guardianwealthhub.com/public_html/yt3/cron_live_matches.php(41): process_match()
#1 {main}
  thrown in /home/u875728402/domains/guardianwealthhub.com/public_html/yt3/cron_live_matches.php on line 148
[26-Sep-2024 17:08:04 UTC] PHP Deprecated:  strpos(): Passing null to parameter #1 ($haystack) of type string is deprecated in /home/u875728402/domains/guardianwealthhub.com/public_html/yt3/cron_live_matches.php on line 138
[26-Sep-2024 17:08:04 UTC] PHP Fatal error:  Uncaught Error: Call to undefined function format_match_time() in /home/u875728402/domains/guardianwealthhub.com/public_html/yt3/cron_live_matches.php:148
Stack trace:
#0 /home/u875728402/domains/guardianwealthhub.com/public_html/yt3/cron_live_matches.php(41): process_match()
#1 {main}
  thrown in /home/u875728402/domains/guardianwealthhub.com/public_html/yt3/cron_live_matches.php on line 148
[26-Sep-2024 17:09:04 UTC] PHP Deprecated:  strpos(): Passing null to parameter #1 ($haystack) of type string is deprecated in /home/u875728402/domains/guardianwealthhub.com/public_html/yt3/cron_live_matches.php on line 138
[26-Sep-2024 17:09:04 UTC] PHP Fatal error:  Uncaught Error: Call to undefined function format_match_time() in /home/u875728402/domains/guardianwealthhub.com/public_html/yt3/cron_live_matches.php:148
Stack trace:
#0 /home/u875728402/domains/guardianwealthhub.com/public_html/yt3/cron_live_matches.php(41): process_match()
#1 {main}
  thrown in /home/u875728402/domains/guardianwealthhub.com/public_html/yt3/cron_live_matches.php on line 148
[26-Sep-2024 17:10:06 UTC] PHP Deprecated:  strpos(): Passing null to parameter #1 ($haystack) of type string is deprecated in /home/u875728402/domains/guardianwealthhub.com/public_html/yt3/cron_live_matches.php on line 138
[26-Sep-2024 17:10:06 UTC] PHP Fatal error:  Uncaught Error: Call to undefined function format_match_time() in /home/u875728402/domains/guardianwealthhub.com/public_html/yt3/cron_live_matches.php:148
Stack trace:
#0 /home/u875728402/domains/guardianwealthhub.com/public_html/yt3/cron_live_matches.php(41): process_match()
#1 {main}
  thrown in /home/u875728402/domains/guardianwealthhub.com/public_html/yt3/cron_live_matches.php on line 148
[26-Sep-2024 17:11:05 UTC] PHP Deprecated:  strpos(): Passing null to parameter #1 ($haystack) of type string is deprecated in /home/u875728402/domains/guardianwealthhub.com/public_html/yt3/cron_live_matches.php on line 138
[26-Sep-2024 17:11:05 UTC] PHP Fatal error:  Uncaught Error: Call to undefined function format_match_time() in /home/u875728402/domains/guardianwealthhub.com/public_html/yt3/cron_live_matches.php:148
Stack trace:
#0 /home/u875728402/domains/guardianwealthhub.com/public_html/yt3/cron_live_matches.php(41): process_match()
#1 {main}
  thrown in /home/u875728402/domains/guardianwealthhub.com/public_html/yt3/cron_live_matches.php on line 148
[26-Sep-2024 17:12:05 UTC] PHP Deprecated:  strpos(): Passing null to parameter #1 ($haystack) of type string is deprecated in /home/u875728402/domains/guardianwealthhub.com/public_html/yt3/cron_live_matches.php on line 138
[26-Sep-2024 17:12:05 UTC] PHP Fatal error:  Uncaught Error: Call to undefined function format_match_time() in /home/u875728402/domains/guardianwealthhub.com/public_html/yt3/cron_live_matches.php:148
Stack trace:
#0 /home/u875728402/domains/guardianwealthhub.com/public_html/yt3/cron_live_matches.php(41): process_match()
#1 {main}
  thrown in /home/u875728402/domains/guardianwealthhub.com/public_html/yt3/cron_live_matches.php on line 148
[26-Sep-2024 17:13:05 UTC] PHP Deprecated:  strpos(): Passing null to parameter #1 ($haystack) of type string is deprecated in /home/u875728402/domains/guardianwealthhub.com/public_html/yt3/cron_live_matches.php on line 138
[26-Sep-2024 17:13:05 UTC] PHP Fatal error:  Uncaught Error: Call to undefined function format_match_time() in /home/u875728402/domains/guardianwealthhub.com/public_html/yt3/cron_live_matches.php:148
Stack trace:
#0 /home/u875728402/domains/guardianwealthhub.com/public_html/yt3/cron_live_matches.php(41): process_match()
#1 {main}
  thrown in /home/u875728402/domains/guardianwealthhub.com/public_html/yt3/cron_live_matches.php on line 148
[26-Sep-2024 17:14:04 UTC] PHP Deprecated:  strpos(): Passing null to parameter #1 ($haystack) of type string is deprecated in /home/u875728402/domains/guardianwealthhub.com/public_html/yt3/cron_live_matches.php on line 138
[26-Sep-2024 17:14:04 UTC] PHP Fatal error:  Uncaught Error: Call to undefined function format_match_time() in /home/u875728402/domains/guardianwealthhub.com/public_html/yt3/cron_live_matches.php:148
Stack trace:
#0 /home/u875728402/domains/guardianwealthhub.com/public_html/yt3/cron_live_matches.php(41): process_match()
#1 {main}
  thrown in /home/u875728402/domains/guardianwealthhub.com/public_html/yt3/cron_live_matches.php on line 148
[26-Sep-2024 17:15:05 UTC] PHP Deprecated:  strpos(): Passing null to parameter #1 ($haystack) of type string is deprecated in /home/u875728402/domains/guardianwealthhub.com/public_html/yt3/cron_live_matches.php on line 138
[26-Sep-2024 17:15:05 UTC] PHP Fatal error:  Uncaught Error: Call to undefined function format_match_time() in /home/u875728402/domains/guardianwealthhub.com/public_html/yt3/cron_live_matches.php:148
Stack trace:
#0 /home/u875728402/domains/guardianwealthhub.com/public_html/yt3/cron_live_matches.php(41): process_match()
#1 {main}
  thrown in /home/u875728402/domains/guardianwealthhub.com/public_html/yt3/cron_live_matches.php on line 148
[26-Sep-2024 17:16:05 UTC] PHP Deprecated:  strpos(): Passing null to parameter #1 ($haystack) of type string is deprecated in /home/u875728402/domains/guardianwealthhub.com/public_html/yt3/cron_live_matches.php on line 138
[26-Sep-2024 17:16:05 UTC] PHP Fatal error:  Uncaught Error: Call to undefined function format_match_time() in /home/u875728402/domains/guardianwealthhub.com/public_html/yt3/cron_live_matches.php:148
Stack trace:
#0 /home/u875728402/domains/guardianwealthhub.com/public_html/yt3/cron_live_matches.php(41): process_match()
#1 {main}
  thrown in /home/u875728402/domains/guardianwealthhub.com/public_html/yt3/cron_live_matches.php on line 148
[26-Sep-2024 17:17:04 UTC] PHP Deprecated:  strpos(): Passing null to parameter #1 ($haystack) of type string is deprecated in /home/u875728402/domains/guardianwealthhub.com/public_html/yt3/cron_live_matches.php on line 138
[26-Sep-2024 17:17:04 UTC] PHP Fatal error:  Uncaught Error: Call to undefined function format_match_time() in /home/u875728402/domains/guardianwealthhub.com/public_html/yt3/cron_live_matches.php:148
Stack trace:
#0 /home/u875728402/domains/guardianwealthhub.com/public_html/yt3/cron_live_matches.php(41): process_match()
#1 {main}
  thrown in /home/u875728402/domains/guardianwealthhub.com/public_html/yt3/cron_live_matches.php on line 148
[26-Sep-2024 17:18:04 UTC] PHP Deprecated:  strpos(): Passing null to parameter #1 ($haystack) of type string is deprecated in /home/u875728402/domains/guardianwealthhub.com/public_html/yt3/cron_live_matches.php on line 138
[26-Sep-2024 17:18:04 UTC] PHP Fatal error:  Uncaught Error: Call to undefined function format_match_time() in /home/u875728402/domains/guardianwealthhub.com/public_html/yt3/cron_live_matches.php:148
Stack trace:
#0 /home/u875728402/domains/guardianwealthhub.com/public_html/yt3/cron_live_matches.php(41): process_match()
#1 {main}
  thrown in /home/u875728402/domains/guardianwealthhub.com/public_html/yt3/cron_live_matches.php on line 148
[26-Sep-2024 17:19:04 UTC] PHP Deprecated:  strpos(): Passing null to parameter #1 ($haystack) of type string is deprecated in /home/u875728402/domains/guardianwealthhub.com/public_html/yt3/cron_live_matches.php on line 138
[26-Sep-2024 17:19:04 UTC] PHP Fatal error:  Uncaught Error: Call to undefined function format_match_time() in /home/u875728402/domains/guardianwealthhub.com/public_html/yt3/cron_live_matches.php:148
Stack trace:
#0 /home/u875728402/domains/guardianwealthhub.com/public_html/yt3/cron_live_matches.php(41): process_match()
#1 {main}
  thrown in /home/u875728402/domains/guardianwealthhub.com/public_html/yt3/cron_live_matches.php on line 148
[26-Sep-2024 17:20:06 UTC] PHP Deprecated:  strpos(): Passing null to parameter #1 ($haystack) of type string is deprecated in /home/u875728402/domains/guardianwealthhub.com/public_html/yt3/cron_live_matches.php on line 138
[26-Sep-2024 17:20:06 UTC] PHP Fatal error:  Uncaught Error: Call to undefined function format_match_time() in /home/u875728402/domains/guardianwealthhub.com/public_html/yt3/cron_live_matches.php:148
Stack trace:
#0 /home/u875728402/domains/guardianwealthhub.com/public_html/yt3/cron_live_matches.php(41): process_match()
#1 {main}
  thrown in /home/u875728402/domains/guardianwealthhub.com/public_html/yt3/cron_live_matches.php on line 148
[26-Sep-2024 17:21:04 UTC] PHP Deprecated:  strpos(): Passing null to parameter #1 ($haystack) of type string is deprecated in /home/u875728402/domains/guardianwealthhub.com/public_html/yt3/cron_live_matches.php on line 138
[26-Sep-2024 17:21:04 UTC] PHP Fatal error:  Uncaught Error: Call to undefined function format_match_time() in /home/u875728402/domains/guardianwealthhub.com/public_html/yt3/cron_live_matches.php:148
Stack trace:
#0 /home/u875728402/domains/guardianwealthhub.com/public_html/yt3/cron_live_matches.php(41): process_match()
#1 {main}
  thrown in /home/u875728402/domains/guardianwealthhub.com/public_html/yt3/cron_live_matches.php on line 148
[26-Sep-2024 17:22:05 UTC] PHP Deprecated:  strpos(): Passing null to parameter #1 ($haystack) of type string is deprecated in /home/u875728402/domains/guardianwealthhub.com/public_html/yt3/cron_live_matches.php on line 138
[26-Sep-2024 17:22:05 UTC] PHP Fatal error:  Uncaught Error: Call to undefined function format_match_time() in /home/u875728402/domains/guardianwealthhub.com/public_html/yt3/cron_live_matches.php:148
Stack trace:
#0 /home/u875728402/domains/guardianwealthhub.com/public_html/yt3/cron_live_matches.php(41): process_match()
#1 {main}
  thrown in /home/u875728402/domains/guardianwealthhub.com/public_html/yt3/cron_live_matches.php on line 148
[26-Sep-2024 17:23:04 UTC] PHP Deprecated:  strpos(): Passing null to parameter #1 ($haystack) of type string is deprecated in /home/u875728402/domains/guardianwealthhub.com/public_html/yt3/cron_live_matches.php on line 138
[26-Sep-2024 17:23:04 UTC] PHP Fatal error:  Uncaught Error: Call to undefined function format_match_time() in /home/u875728402/domains/guardianwealthhub.com/public_html/yt3/cron_live_matches.php:148
Stack trace:
#0 /home/u875728402/domains/guardianwealthhub.com/public_html/yt3/cron_live_matches.php(41): process_match()
#1 {main}
  thrown in /home/u875728402/domains/guardianwealthhub.com/public_html/yt3/cron_live_matches.php on line 148
[26-Sep-2024 17:24:04 UTC] PHP Deprecated:  strpos(): Passing null to parameter #1 ($haystack) of type string is deprecated in /home/u875728402/domains/guardianwealthhub.com/public_html/yt3/cron_live_matches.php on line 138
[26-Sep-2024 17:24:04 UTC] PHP Fatal error:  Uncaught Error: Call to undefined function format_match_time() in /home/u875728402/domains/guardianwealthhub.com/public_html/yt3/cron_live_matches.php:148
Stack trace:
#0 /home/u875728402/domains/guardianwealthhub.com/public_html/yt3/cron_live_matches.php(41): process_match()
#1 {main}
  thrown in /home/u875728402/domains/guardianwealthhub.com/public_html/yt3/cron_live_matches.php on line 148
[26-Sep-2024 17:25:06 UTC] PHP Deprecated:  strpos(): Passing null to parameter #1 ($haystack) of type string is deprecated in /home/u875728402/domains/guardianwealthhub.com/public_html/yt3/cron_live_matches.php on line 138
[26-Sep-2024 17:25:06 UTC] PHP Fatal error:  Uncaught Error: Call to undefined function format_match_time() in /home/u875728402/domains/guardianwealthhub.com/public_html/yt3/cron_live_matches.php:148
Stack trace:
#0 /home/u875728402/domains/guardianwealthhub.com/public_html/yt3/cron_live_matches.php(41): process_match()
#1 {main}
  thrown in /home/u875728402/domains/guardianwealthhub.com/public_html/yt3/cron_live_matches.php on line 148
[26-Sep-2024 17:26:04 UTC] PHP Deprecated:  strpos(): Passing null to parameter #1 ($haystack) of type string is deprecated in /home/u875728402/domains/guardianwealthhub.com/public_html/yt3/cron_live_matches.php on line 138
[26-Sep-2024 17:26:04 UTC] PHP Fatal error:  Uncaught Error: Call to undefined function format_match_time() in /home/u875728402/domains/guardianwealthhub.com/public_html/yt3/cron_live_matches.php:148
Stack trace:
#0 /home/u875728402/domains/guardianwealthhub.com/public_html/yt3/cron_live_matches.php(41): process_match()
#1 {main}
  thrown in /home/u875728402/domains/guardianwealthhub.com/public_html/yt3/cron_live_matches.php on line 148
[26-Sep-2024 17:27:06 UTC] PHP Deprecated:  strpos(): Passing null to parameter #1 ($haystack) of type string is deprecated in /home/u875728402/domains/guardianwealthhub.com/public_html/yt3/cron_live_matches.php on line 138
[26-Sep-2024 17:27:06 UTC] PHP Fatal error:  Uncaught Error: Call to undefined function format_match_time() in /home/u875728402/domains/guardianwealthhub.com/public_html/yt3/cron_live_matches.php:148
Stack trace:
#0 /home/u875728402/domains/guardianwealthhub.com/public_html/yt3/cron_live_matches.php(41): process_match()
#1 {main}
  thrown in /home/u875728402/domains/guardianwealthhub.com/public_html/yt3/cron_live_matches.php on line 148
[26-Sep-2024 17:28:06 UTC] PHP Deprecated:  strpos(): Passing null to parameter #1 ($haystack) of type string is deprecated in /home/u875728402/domains/guardianwealthhub.com/public_html/yt3/cron_live_matches.php on line 138
[26-Sep-2024 17:28:06 UTC] PHP Fatal error:  Uncaught Error: Call to undefined function format_match_time() in /home/u875728402/domains/guardianwealthhub.com/public_html/yt3/cron_live_matches.php:148
Stack trace:
#0 /home/u875728402/domains/guardianwealthhub.com/public_html/yt3/cron_live_matches.php(41): process_match()
#1 {main}
  thrown in /home/u875728402/domains/guardianwealthhub.com/public_html/yt3/cron_live_matches.php on line 148
[26-Sep-2024 17:29:04 UTC] PHP Deprecated:  strpos(): Passing null to parameter #1 ($haystack) of type string is deprecated in /home/u875728402/domains/guardianwealthhub.com/public_html/yt3/cron_live_matches.php on line 138
[26-Sep-2024 17:29:04 UTC] PHP Fatal error:  Uncaught Error: Call to undefined function format_match_time() in /home/u875728402/domains/guardianwealthhub.com/public_html/yt3/cron_live_matches.php:148
Stack trace:
#0 /home/u875728402/domains/guardianwealthhub.com/public_html/yt3/cron_live_matches.php(41): process_match()
#1 {main}
  thrown in /home/u875728402/domains/guardianwealthhub.com/public_html/yt3/cron_live_matches.php on line 148
[26-Sep-2024 17:30:08 UTC] PHP Deprecated:  strpos(): Passing null to parameter #1 ($haystack) of type string is deprecated in /home/u875728402/domains/guardianwealthhub.com/public_html/yt3/cron_live_matches.php on line 138
[26-Sep-2024 17:30:08 UTC] PHP Fatal error:  Uncaught Error: Call to undefined function format_match_time() in /home/u875728402/domains/guardianwealthhub.com/public_html/yt3/cron_live_matches.php:148
Stack trace:
#0 /home/u875728402/domains/guardianwealthhub.com/public_html/yt3/cron_live_matches.php(41): process_match()
#1 {main}
  thrown in /home/u875728402/domains/guardianwealthhub.com/public_html/yt3/cron_live_matches.php on line 148
[26-Sep-2024 17:31:06 UTC] PHP Deprecated:  strpos(): Passing null to parameter #1 ($haystack) of type string is deprecated in /home/u875728402/domains/guardianwealthhub.com/public_html/yt3/cron_live_matches.php on line 138
[26-Sep-2024 17:31:06 UTC] PHP Fatal error:  Uncaught Error: Call to undefined function format_match_time() in /home/u875728402/domains/guardianwealthhub.com/public_html/yt3/cron_live_matches.php:148
Stack trace:
#0 /home/u875728402/domains/guardianwealthhub.com/public_html/yt3/cron_live_matches.php(41): process_match()
#1 {main}
  thrown in /home/u875728402/domains/guardianwealthhub.com/public_html/yt3/cron_live_matches.php on line 148
[26-Sep-2024 17:32:08 UTC] PHP Deprecated:  strpos(): Passing null to parameter #1 ($haystack) of type string is deprecated in /home/u875728402/domains/guardianwealthhub.com/public_html/yt3/cron_live_matches.php on line 138
[26-Sep-2024 17:32:08 UTC] PHP Fatal error:  Uncaught Error: Call to undefined function format_match_time() in /home/u875728402/domains/guardianwealthhub.com/public_html/yt3/cron_live_matches.php:148
Stack trace:
#0 /home/u875728402/domains/guardianwealthhub.com/public_html/yt3/cron_live_matches.php(41): process_match()
#1 {main}
  thrown in /home/u875728402/domains/guardianwealthhub.com/public_html/yt3/cron_live_matches.php on line 148
[26-Sep-2024 17:33:07 UTC] PHP Deprecated:  strpos(): Passing null to parameter #1 ($haystack) of type string is deprecated in /home/u875728402/domains/guardianwealthhub.com/public_html/yt3/cron_live_matches.php on line 138
[26-Sep-2024 17:33:07 UTC] PHP Fatal error:  Uncaught Error: Call to undefined function format_match_time() in /home/u875728402/domains/guardianwealthhub.com/public_html/yt3/cron_live_matches.php:148
Stack trace:
#0 /home/u875728402/domains/guardianwealthhub.com/public_html/yt3/cron_live_matches.php(41): process_match()
#1 {main}
  thrown in /home/u875728402/domains/guardianwealthhub.com/public_html/yt3/cron_live_matches.php on line 148
[26-Sep-2024 17:34:05 UTC] PHP Deprecated:  strpos(): Passing null to parameter #1 ($haystack) of type string is deprecated in /home/u875728402/domains/guardianwealthhub.com/public_html/yt3/cron_live_matches.php on line 138
[26-Sep-2024 17:34:05 UTC] PHP Fatal error:  Uncaught Error: Call to undefined function format_match_time() in /home/u875728402/domains/guardianwealthhub.com/public_html/yt3/cron_live_matches.php:148
Stack trace:
#0 /home/u875728402/domains/guardianwealthhub.com/public_html/yt3/cron_live_matches.php(41): process_match()
#1 {main}
  thrown in /home/u875728402/domains/guardianwealthhub.com/public_html/yt3/cron_live_matches.php on line 148
[26-Sep-2024 17:35:05 UTC] PHP Deprecated:  strpos(): Passing null to parameter #1 ($haystack) of type string is deprecated in /home/u875728402/domains/guardianwealthhub.com/public_html/yt3/cron_live_matches.php on line 138
[26-Sep-2024 17:35:05 UTC] PHP Fatal error:  Uncaught Error: Call to undefined function format_match_time() in /home/u875728402/domains/guardianwealthhub.com/public_html/yt3/cron_live_matches.php:148
Stack trace:
#0 /home/u875728402/domains/guardianwealthhub.com/public_html/yt3/cron_live_matches.php(41): process_match()
#1 {main}
  thrown in /home/u875728402/domains/guardianwealthhub.com/public_html/yt3/cron_live_matches.php on line 148
[26-Sep-2024 17:36:04 UTC] PHP Deprecated:  strpos(): Passing null to parameter #1 ($haystack) of type string is deprecated in /home/u875728402/domains/guardianwealthhub.com/public_html/yt3/cron_live_matches.php on line 138
[26-Sep-2024 17:36:04 UTC] PHP Fatal error:  Uncaught Error: Call to undefined function format_match_time() in /home/u875728402/domains/guardianwealthhub.com/public_html/yt3/cron_live_matches.php:148
Stack trace:
#0 /home/u875728402/domains/guardianwealthhub.com/public_html/yt3/cron_live_matches.php(41): process_match()
#1 {main}
  thrown in /home/u875728402/domains/guardianwealthhub.com/public_html/yt3/cron_live_matches.php on line 148
[26-Sep-2024 17:37:04 UTC] PHP Deprecated:  strpos(): Passing null to parameter #1 ($haystack) of type string is deprecated in /home/u875728402/domains/guardianwealthhub.com/public_html/yt3/cron_live_matches.php on line 138
[26-Sep-2024 17:37:04 UTC] PHP Fatal error:  Uncaught Error: Call to undefined function format_match_time() in /home/u875728402/domains/guardianwealthhub.com/public_html/yt3/cron_live_matches.php:148
Stack trace:
#0 /home/u875728402/domains/guardianwealthhub.com/public_html/yt3/cron_live_matches.php(41): process_match()
#1 {main}
  thrown in /home/u875728402/domains/guardianwealthhub.com/public_html/yt3/cron_live_matches.php on line 148
[26-Sep-2024 17:38:04 UTC] PHP Deprecated:  strpos(): Passing null to parameter #1 ($haystack) of type string is deprecated in /home/u875728402/domains/guardianwealthhub.com/public_html/yt3/cron_live_matches.php on line 138
[26-Sep-2024 17:38:04 UTC] PHP Fatal error:  Uncaught Error: Call to undefined function format_match_time() in /home/u875728402/domains/guardianwealthhub.com/public_html/yt3/cron_live_matches.php:148
Stack trace:
#0 /home/u875728402/domains/guardianwealthhub.com/public_html/yt3/cron_live_matches.php(41): process_match()
#1 {main}
  thrown in /home/u875728402/domains/guardianwealthhub.com/public_html/yt3/cron_live_matches.php on line 148
[26-Sep-2024 17:39:05 UTC] PHP Deprecated:  strpos(): Passing null to parameter #1 ($haystack) of type string is deprecated in /home/u875728402/domains/guardianwealthhub.com/public_html/yt3/cron_live_matches.php on line 138
[26-Sep-2024 17:39:05 UTC] PHP Fatal error:  Uncaught Error: Call to undefined function format_match_time() in /home/u875728402/domains/guardianwealthhub.com/public_html/yt3/cron_live_matches.php:148
Stack trace:
#0 /home/u875728402/domains/guardianwealthhub.com/public_html/yt3/cron_live_matches.php(41): process_match()
#1 {main}
  thrown in /home/u875728402/domains/guardianwealthhub.com/public_html/yt3/cron_live_matches.php on line 148
[26-Sep-2024 17:40:09 UTC] PHP Deprecated:  strpos(): Passing null to parameter #1 ($haystack) of type string is deprecated in /home/u875728402/domains/guardianwealthhub.com/public_html/yt3/cron_live_matches.php on line 138
[26-Sep-2024 17:40:09 UTC] PHP Fatal error:  Uncaught Error: Call to undefined function format_match_time() in /home/u875728402/domains/guardianwealthhub.com/public_html/yt3/cron_live_matches.php:148
Stack trace:
#0 /home/u875728402/domains/guardianwealthhub.com/public_html/yt3/cron_live_matches.php(41): process_match()
#1 {main}
  thrown in /home/u875728402/domains/guardianwealthhub.com/public_html/yt3/cron_live_matches.php on line 148
[26-Sep-2024 17:41:04 UTC] PHP Deprecated:  strpos(): Passing null to parameter #1 ($haystack) of type string is deprecated in /home/u875728402/domains/guardianwealthhub.com/public_html/yt3/cron_live_matches.php on line 138
[26-Sep-2024 17:41:04 UTC] PHP Fatal error:  Uncaught Error: Call to undefined function format_match_time() in /home/u875728402/domains/guardianwealthhub.com/public_html/yt3/cron_live_matches.php:148
Stack trace:
#0 /home/u875728402/domains/guardianwealthhub.com/public_html/yt3/cron_live_matches.php(41): process_match()
#1 {main}
  thrown in /home/u875728402/domains/guardianwealthhub.com/public_html/yt3/cron_live_matches.php on line 148
[26-Sep-2024 17:42:05 UTC] PHP Deprecated:  strpos(): Passing null to parameter #1 ($haystack) of type string is deprecated in /home/u875728402/domains/guardianwealthhub.com/public_html/yt3/cron_live_matches.php on line 138
[26-Sep-2024 17:42:05 UTC] PHP Fatal error:  Uncaught Error: Call to undefined function format_match_time() in /home/u875728402/domains/guardianwealthhub.com/public_html/yt3/cron_live_matches.php:148
Stack trace:
#0 /home/u875728402/domains/guardianwealthhub.com/public_html/yt3/cron_live_matches.php(41): process_match()
#1 {main}
  thrown in /home/u875728402/domains/guardianwealthhub.com/public_html/yt3/cron_live_matches.php on line 148
[26-Sep-2024 17:43:05 UTC] PHP Deprecated:  strpos(): Passing null to parameter #1 ($haystack) of type string is deprecated in /home/u875728402/domains/guardianwealthhub.com/public_html/yt3/cron_live_matches.php on line 138
[26-Sep-2024 17:43:05 UTC] PHP Fatal error:  Uncaught Error: Call to undefined function format_match_time() in /home/u875728402/domains/guardianwealthhub.com/public_html/yt3/cron_live_matches.php:148
Stack trace:
#0 /home/u875728402/domains/guardianwealthhub.com/public_html/yt3/cron_live_matches.php(41): process_match()
#1 {main}
  thrown in /home/u875728402/domains/guardianwealthhub.com/public_html/yt3/cron_live_matches.php on line 148
[26-Sep-2024 17:44:04 UTC] PHP Deprecated:  strpos(): Passing null to parameter #1 ($haystack) of type string is deprecated in /home/u875728402/domains/guardianwealthhub.com/public_html/yt3/cron_live_matches.php on line 138
[26-Sep-2024 17:44:04 UTC] PHP Fatal error:  Uncaught Error: Call to undefined function format_match_time() in /home/u875728402/domains/guardianwealthhub.com/public_html/yt3/cron_live_matches.php:148
Stack trace:
#0 /home/u875728402/domains/guardianwealthhub.com/public_html/yt3/cron_live_matches.php(41): process_match()
#1 {main}
  thrown in /home/u875728402/domains/guardianwealthhub.com/public_html/yt3/cron_live_matches.php on line 148
[26-Sep-2024 17:45:04 UTC] PHP Deprecated:  strpos(): Passing null to parameter #1 ($haystack) of type string is deprecated in /home/u875728402/domains/guardianwealthhub.com/public_html/yt3/cron_live_matches.php on line 138
[26-Sep-2024 17:45:04 UTC] PHP Fatal error:  Uncaught Error: Call to undefined function format_match_time() in /home/u875728402/domains/guardianwealthhub.com/public_html/yt3/cron_live_matches.php:148
Stack trace:
#0 /home/u875728402/domains/guardianwealthhub.com/public_html/yt3/cron_live_matches.php(41): process_match()
#1 {main}
  thrown in /home/u875728402/domains/guardianwealthhub.com/public_html/yt3/cron_live_matches.php on line 148
[26-Sep-2024 17:46:04 UTC] PHP Deprecated:  strpos(): Passing null to parameter #1 ($haystack) of type string is deprecated in /home/u875728402/domains/guardianwealthhub.com/public_html/yt3/cron_live_matches.php on line 138
[26-Sep-2024 17:46:04 UTC] PHP Fatal error:  Uncaught Error: Call to undefined function format_match_time() in /home/u875728402/domains/guardianwealthhub.com/public_html/yt3/cron_live_matches.php:148
Stack trace:
#0 /home/u875728402/domains/guardianwealthhub.com/public_html/yt3/cron_live_matches.php(41): process_match()
#1 {main}
  thrown in /home/u875728402/domains/guardianwealthhub.com/public_html/yt3/cron_live_matches.php on line 148
[26-Sep-2024 17:47:04 UTC] PHP Deprecated:  strpos(): Passing null to parameter #1 ($haystack) of type string is deprecated in /home/u875728402/domains/guardianwealthhub.com/public_html/yt3/cron_live_matches.php on line 138
[26-Sep-2024 17:47:04 UTC] PHP Fatal error:  Uncaught Error: Call to undefined function format_match_time() in /home/u875728402/domains/guardianwealthhub.com/public_html/yt3/cron_live_matches.php:148
Stack trace:
#0 /home/u875728402/domains/guardianwealthhub.com/public_html/yt3/cron_live_matches.php(41): process_match()
#1 {main}
  thrown in /home/u875728402/domains/guardianwealthhub.com/public_html/yt3/cron_live_matches.php on line 148
[26-Sep-2024 17:48:06 UTC] PHP Deprecated:  strpos(): Passing null to parameter #1 ($haystack) of type string is deprecated in /home/u875728402/domains/guardianwealthhub.com/public_html/yt3/cron_live_matches.php on line 138
[26-Sep-2024 17:48:06 UTC] PHP Fatal error:  Uncaught Error: Call to undefined function format_match_time() in /home/u875728402/domains/guardianwealthhub.com/public_html/yt3/cron_live_matches.php:148
Stack trace:
#0 /home/u875728402/domains/guardianwealthhub.com/public_html/yt3/cron_live_matches.php(41): process_match()
#1 {main}
  thrown in /home/u875728402/domains/guardianwealthhub.com/public_html/yt3/cron_live_matches.php on line 148
[26-Sep-2024 17:49:04 UTC] PHP Deprecated:  strpos(): Passing null to parameter #1 ($haystack) of type string is deprecated in /home/u875728402/domains/guardianwealthhub.com/public_html/yt3/cron_live_matches.php on line 138
[26-Sep-2024 17:49:04 UTC] PHP Fatal error:  Uncaught Error: Call to undefined function format_match_time() in /home/u875728402/domains/guardianwealthhub.com/public_html/yt3/cron_live_matches.php:148
Stack trace:
#0 /home/u875728402/domains/guardianwealthhub.com/public_html/yt3/cron_live_matches.php(41): process_match()
#1 {main}
  thrown in /home/u875728402/domains/guardianwealthhub.com/public_html/yt3/cron_live_matches.php on line 148
[26-Sep-2024 17:50:05 UTC] PHP Deprecated:  strpos(): Passing null to parameter #1 ($haystack) of type string is deprecated in /home/u875728402/domains/guardianwealthhub.com/public_html/yt3/cron_live_matches.php on line 138
[26-Sep-2024 17:50:05 UTC] PHP Fatal error:  Uncaught Error: Call to undefined function format_match_time() in /home/u875728402/domains/guardianwealthhub.com/public_html/yt3/cron_live_matches.php:148
Stack trace:
#0 /home/u875728402/domains/guardianwealthhub.com/public_html/yt3/cron_live_matches.php(41): process_match()
#1 {main}
  thrown in /home/u875728402/domains/guardianwealthhub.com/public_html/yt3/cron_live_matches.php on line 148
[26-Sep-2024 17:51:05 UTC] PHP Deprecated:  strpos(): Passing null to parameter #1 ($haystack) of type string is deprecated in /home/u875728402/domains/guardianwealthhub.com/public_html/yt3/cron_live_matches.php on line 138
[26-Sep-2024 17:51:05 UTC] PHP Fatal error:  Uncaught Error: Call to undefined function format_match_time() in /home/u875728402/domains/guardianwealthhub.com/public_html/yt3/cron_live_matches.php:148
Stack trace:
#0 /home/u875728402/domains/guardianwealthhub.com/public_html/yt3/cron_live_matches.php(41): process_match()
#1 {main}
  thrown in /home/u875728402/domains/guardianwealthhub.com/public_html/yt3/cron_live_matches.php on line 148
[26-Sep-2024 17:52:04 UTC] PHP Deprecated:  strpos(): Passing null to parameter #1 ($haystack) of type string is deprecated in /home/u875728402/domains/guardianwealthhub.com/public_html/yt3/cron_live_matches.php on line 138
[26-Sep-2024 17:52:04 UTC] PHP Fatal error:  Uncaught Error: Call to undefined function format_match_time() in /home/u875728402/domains/guardianwealthhub.com/public_html/yt3/cron_live_matches.php:148
Stack trace:
#0 /home/u875728402/domains/guardianwealthhub.com/public_html/yt3/cron_live_matches.php(41): process_match()
#1 {main}
  thrown in /home/u875728402/domains/guardianwealthhub.com/public_html/yt3/cron_live_matches.php on line 148
[26-Sep-2024 17:53:03 UTC] PHP Deprecated:  strpos(): Passing null to parameter #1 ($haystack) of type string is deprecated in /home/u875728402/domains/guardianwealthhub.com/public_html/yt3/cron_live_matches.php on line 138
[26-Sep-2024 17:53:03 UTC] PHP Fatal error:  Uncaught Error: Call to undefined function format_match_time() in /home/u875728402/domains/guardianwealthhub.com/public_html/yt3/cron_live_matches.php:148
Stack trace:
#0 /home/u875728402/domains/guardianwealthhub.com/public_html/yt3/cron_live_matches.php(41): process_match()
#1 {main}
  thrown in /home/u875728402/domains/guardianwealthhub.com/public_html/yt3/cron_live_matches.php on line 148
[26-Sep-2024 17:54:04 UTC] PHP Deprecated:  strpos(): Passing null to parameter #1 ($haystack) of type string is deprecated in /home/u875728402/domains/guardianwealthhub.com/public_html/yt3/cron_live_matches.php on line 138
[26-Sep-2024 17:54:04 UTC] PHP Fatal error:  Uncaught Error: Call to undefined function format_match_time() in /home/u875728402/domains/guardianwealthhub.com/public_html/yt3/cron_live_matches.php:148
Stack trace:
#0 /home/u875728402/domains/guardianwealthhub.com/public_html/yt3/cron_live_matches.php(41): process_match()
#1 {main}
  thrown in /home/u875728402/domains/guardianwealthhub.com/public_html/yt3/cron_live_matches.php on line 148
[26-Sep-2024 17:55:06 UTC] PHP Deprecated:  strpos(): Passing null to parameter #1 ($haystack) of type string is deprecated in /home/u875728402/domains/guardianwealthhub.com/public_html/yt3/cron_live_matches.php on line 138
[26-Sep-2024 17:55:06 UTC] PHP Fatal error:  Uncaught Error: Call to undefined function format_match_time() in /home/u875728402/domains/guardianwealthhub.com/public_html/yt3/cron_live_matches.php:148
Stack trace:
#0 /home/u875728402/domains/guardianwealthhub.com/public_html/yt3/cron_live_matches.php(41): process_match()
#1 {main}
  thrown in /home/u875728402/domains/guardianwealthhub.com/public_html/yt3/cron_live_matches.php on line 148
[26-Sep-2024 17:56:05 UTC] PHP Deprecated:  strpos(): Passing null to parameter #1 ($haystack) of type string is deprecated in /home/u875728402/domains/guardianwealthhub.com/public_html/yt3/cron_live_matches.php on line 138
[26-Sep-2024 17:56:05 UTC] PHP Fatal error:  Uncaught Error: Call to undefined function format_match_time() in /home/u875728402/domains/guardianwealthhub.com/public_html/yt3/cron_live_matches.php:148
Stack trace:
#0 /home/u875728402/domains/guardianwealthhub.com/public_html/yt3/cron_live_matches.php(41): process_match()
#1 {main}
  thrown in /home/u875728402/domains/guardianwealthhub.com/public_html/yt3/cron_live_matches.php on line 148
[26-Sep-2024 17:57:04 UTC] PHP Deprecated:  strpos(): Passing null to parameter #1 ($haystack) of type string is deprecated in /home/u875728402/domains/guardianwealthhub.com/public_html/yt3/cron_live_matches.php on line 138
[26-Sep-2024 17:57:04 UTC] PHP Fatal error:  Uncaught Error: Call to undefined function format_match_time() in /home/u875728402/domains/guardianwealthhub.com/public_html/yt3/cron_live_matches.php:148
Stack trace:
#0 /home/u875728402/domains/guardianwealthhub.com/public_html/yt3/cron_live_matches.php(41): process_match()
#1 {main}
  thrown in /home/u875728402/domains/guardianwealthhub.com/public_html/yt3/cron_live_matches.php on line 148
[26-Sep-2024 17:58:05 UTC] PHP Deprecated:  strpos(): Passing null to parameter #1 ($haystack) of type string is deprecated in /home/u875728402/domains/guardianwealthhub.com/public_html/yt3/cron_live_matches.php on line 138
[26-Sep-2024 17:58:05 UTC] PHP Fatal error:  Uncaught Error: Call to undefined function format_match_time() in /home/u875728402/domains/guardianwealthhub.com/public_html/yt3/cron_live_matches.php:148
Stack trace:
#0 /home/u875728402/domains/guardianwealthhub.com/public_html/yt3/cron_live_matches.php(41): process_match()
#1 {main}
  thrown in /home/u875728402/domains/guardianwealthhub.com/public_html/yt3/cron_live_matches.php on line 148
[26-Sep-2024 17:59:04 UTC] PHP Deprecated:  strpos(): Passing null to parameter #1 ($haystack) of type string is deprecated in /home/u875728402/domains/guardianwealthhub.com/public_html/yt3/cron_live_matches.php on line 138
[26-Sep-2024 17:59:04 UTC] PHP Fatal error:  Uncaught Error: Call to undefined function format_match_time() in /home/u875728402/domains/guardianwealthhub.com/public_html/yt3/cron_live_matches.php:148
Stack trace:
#0 /home/u875728402/domains/guardianwealthhub.com/public_html/yt3/cron_live_matches.php(41): process_match()
#1 {main}
  thrown in /home/u875728402/domains/guardianwealthhub.com/public_html/yt3/cron_live_matches.php on line 148
[26-Sep-2024 18:00:08 UTC] PHP Deprecated:  strpos(): Passing null to parameter #1 ($haystack) of type string is deprecated in /home/u875728402/domains/guardianwealthhub.com/public_html/yt3/cron_live_matches.php on line 138
[26-Sep-2024 18:00:08 UTC] PHP Fatal error:  Uncaught Error: Call to undefined function format_match_time() in /home/u875728402/domains/guardianwealthhub.com/public_html/yt3/cron_live_matches.php:148
Stack trace:
#0 /home/u875728402/domains/guardianwealthhub.com/public_html/yt3/cron_live_matches.php(41): process_match()
#1 {main}
  thrown in /home/u875728402/domains/guardianwealthhub.com/public_html/yt3/cron_live_matches.php on line 148
[26-Sep-2024 18:01:06 UTC] PHP Deprecated:  strpos(): Passing null to parameter #1 ($haystack) of type string is deprecated in /home/u875728402/domains/guardianwealthhub.com/public_html/yt3/cron_live_matches.php on line 138
[26-Sep-2024 18:01:06 UTC] PHP Fatal error:  Uncaught Error: Call to undefined function format_match_time() in /home/u875728402/domains/guardianwealthhub.com/public_html/yt3/cron_live_matches.php:148
Stack trace:
#0 /home/u875728402/domains/guardianwealthhub.com/public_html/yt3/cron_live_matches.php(41): process_match()
#1 {main}
  thrown in /home/u875728402/domains/guardianwealthhub.com/public_html/yt3/cron_live_matches.php on line 148
[26-Sep-2024 18:02:06 UTC] PHP Deprecated:  strpos(): Passing null to parameter #1 ($haystack) of type string is deprecated in /home/u875728402/domains/guardianwealthhub.com/public_html/yt3/cron_live_matches.php on line 138
[26-Sep-2024 18:02:06 UTC] PHP Fatal error:  Uncaught Error: Call to undefined function format_match_time() in /home/u875728402/domains/guardianwealthhub.com/public_html/yt3/cron_live_matches.php:148
Stack trace:
#0 /home/u875728402/domains/guardianwealthhub.com/public_html/yt3/cron_live_matches.php(41): process_match()
#1 {main}
  thrown in /home/u875728402/domains/guardianwealthhub.com/public_html/yt3/cron_live_matches.php on line 148
[26-Sep-2024 18:02:17 UTC] PHP Deprecated:  strpos(): Passing null to parameter #1 ($haystack) of type string is deprecated in /home/u875728402/domains/guardianwealthhub.com/public_html/yt3/cron_live_matches.php on line 138
[26-Sep-2024 18:02:17 UTC] PHP Fatal error:  Uncaught Error: Call to undefined function format_match_time() in /home/u875728402/domains/guardianwealthhub.com/public_html/yt3/cron_live_matches.php:148
Stack trace:
#0 /home/u875728402/domains/guardianwealthhub.com/public_html/yt3/cron_live_matches.php(41): process_match()
#1 {main}
  thrown in /home/u875728402/domains/guardianwealthhub.com/public_html/yt3/cron_live_matches.php on line 148
[26-Sep-2024 18:03:05 UTC] PHP Deprecated:  strpos(): Passing null to parameter #1 ($haystack) of type string is deprecated in /home/u875728402/domains/guardianwealthhub.com/public_html/yt3/cron_live_matches.php on line 138
[26-Sep-2024 18:03:05 UTC] PHP Fatal error:  Uncaught Error: Call to undefined function format_match_time() in /home/u875728402/domains/guardianwealthhub.com/public_html/yt3/cron_live_matches.php:148
Stack trace:
#0 /home/u875728402/domains/guardianwealthhub.com/public_html/yt3/cron_live_matches.php(41): process_match()
#1 {main}
  thrown in /home/u875728402/domains/guardianwealthhub.com/public_html/yt3/cron_live_matches.php on line 148
[26-Sep-2024 18:04:06 UTC] PHP Deprecated:  strpos(): Passing null to parameter #1 ($haystack) of type string is deprecated in /home/u875728402/domains/guardianwealthhub.com/public_html/yt3/cron_live_matches.php on line 138
[26-Sep-2024 18:04:06 UTC] PHP Fatal error:  Uncaught Error: Call to undefined function format_match_time() in /home/u875728402/domains/guardianwealthhub.com/public_html/yt3/cron_live_matches.php:148
Stack trace:
#0 /home/u875728402/domains/guardianwealthhub.com/public_html/yt3/cron_live_matches.php(41): process_match()
#1 {main}
  thrown in /home/u875728402/domains/guardianwealthhub.com/public_html/yt3/cron_live_matches.php on line 148
[26-Sep-2024 18:05:04 UTC] PHP Deprecated:  strpos(): Passing null to parameter #1 ($haystack) of type string is deprecated in /home/u875728402/domains/guardianwealthhub.com/public_html/yt3/cron_live_matches.php on line 138
[26-Sep-2024 18:05:04 UTC] PHP Fatal error:  Uncaught Error: Call to undefined function format_match_time() in /home/u875728402/domains/guardianwealthhub.com/public_html/yt3/cron_live_matches.php:148
Stack trace:
#0 /home/u875728402/domains/guardianwealthhub.com/public_html/yt3/cron_live_matches.php(41): process_match()
#1 {main}
  thrown in /home/u875728402/domains/guardianwealthhub.com/public_html/yt3/cron_live_matches.php on line 148
[26-Sep-2024 18:05:39 UTC] PHP Fatal error:  Uncaught TypeError: DateTimeZone::__construct(): Argument #1 ($timezone) must be of type string, mysqli given in /home/u875728402/domains/guardianwealthhub.com/public_html/yt3/cron_live_matches.php:153
Stack trace:
#0 /home/u875728402/domains/guardianwealthhub.com/public_html/yt3/cron_live_matches.php(153): DateTimeZone->__construct()
#1 /home/u875728402/domains/guardianwealthhub.com/public_html/yt3/cron_live_matches.php(41): process_match()
#2 {main}
  thrown in /home/u875728402/domains/guardianwealthhub.com/public_html/yt3/cron_live_matches.php on line 153
[26-Sep-2024 18:06:04 UTC] PHP Fatal error:  Uncaught TypeError: DateTimeZone::__construct(): Argument #1 ($timezone) must be of type string, mysqli given in /home/u875728402/domains/guardianwealthhub.com/public_html/yt3/cron_live_matches.php:153
Stack trace:
#0 /home/u875728402/domains/guardianwealthhub.com/public_html/yt3/cron_live_matches.php(153): DateTimeZone->__construct()
#1 /home/u875728402/domains/guardianwealthhub.com/public_html/yt3/cron_live_matches.php(41): process_match()
#2 {main}
  thrown in /home/u875728402/domains/guardianwealthhub.com/public_html/yt3/cron_live_matches.php on line 153
